<?xml version="1.0" encoding="UTF-8"?>
<!-- Generated by org.testng.reporters.JUnitReportReporter -->
<testsuite hostname="LAPTOP-2SN7GT1L" name="TestPckg.NewTestNG" tests="1" failures="0" timestamp="30 Jan 2021 05:00:19 GMT" time="0.006" errors="0">
  <testcase name="f" time="0.006" classname="TestPckg.NewTestNG"/>
</testsuite> <!-- TestPckg.NewTestNG -->
